2017-10-30 16:46:28,106 [Worker-1] INFO  c.g.t.t.d.PublishedGradleVersions - Gradle version information cache is out-of-date. Trying to update.
2017-10-30 16:47:30,741 [Worker-7] INFO  o.e.m.c.i.p.ProjectConfigurationManager - Collecting project info '/pom.xml' D:\Java Experiments\fsops\fsops\pom.xml
2017-10-30 16:47:35,030 [Worker-7] INFO  o.e.m.c.i.l.LifecycleMappingFactory - Using org.eclipse.m2e.jdt.JarLifecycleMapping lifecycle mapping for MavenProject: java:fsops:0.0.1-SNAPSHOT @ D:\Java Experiments\fsops\fsops\pom.xml.
2017-10-30 16:47:35,954 [Worker-7] INFO  o.e.m.j.i.AbstractJavaProjectConfigurator - Adding source folder /fsops/src/main/java
2017-10-30 16:47:35,965 [Worker-7] INFO  o.e.m.j.i.AbstractJavaProjectConfigurator - Adding source folder /fsops/src/test/java
2017-10-30 16:47:37,525 [Worker-7] INFO  o.e.m.c.i.p.ProjectConfigurationManager - Imported and configured 1 project(s) in 6 sec
2017-10-30 16:47:38,375 [Worker-0] INFO  o.e.m.c.i.embedder.EclipseLogger - Using 'UTF-8' encoding to copy filtered resources.
2017-10-30 16:47:38,375 [Worker-0] INFO  o.e.m.c.i.embedder.EclipseLogger - skip non existing resourceDirectory D:\Java Experiments\fsops\fsops\src\main\resources
2017-10-30 16:47:38,378 [Worker-0] INFO  o.e.m.c.i.embedder.EclipseLogger - Using 'UTF-8' encoding to copy filtered resources.
2017-10-30 16:47:38,378 [Worker-0] INFO  o.e.m.c.i.embedder.EclipseLogger - skip non existing resourceDirectory D:\Java Experiments\fsops\fsops\src\test\resources
2017-10-30 16:47:44,759 [Worker-1] INFO  o.e.m.c.i.embedder.EclipseLogger - Using 'UTF-8' encoding to copy filtered resources.
2017-10-30 16:47:44,759 [Worker-1] INFO  o.e.m.c.i.embedder.EclipseLogger - skip non existing resourceDirectory D:\Java Experiments\fsops\fsops\src\main\resources
2017-10-30 16:47:44,761 [Worker-1] INFO  o.e.m.c.i.embedder.EclipseLogger - Using 'UTF-8' encoding to copy filtered resources.
2017-10-30 16:47:44,762 [Worker-1] INFO  o.e.m.c.i.embedder.EclipseLogger - skip non existing resourceDirectory D:\Java Experiments\fsops\fsops\src\test\resources
2017-10-30 17:07:20,614 [ModalContext] INFO  o.e.m.c.i.embedder.EclipseLogger - Using 'UTF-8' encoding to copy filtered resources.
2017-10-30 17:07:20,615 [ModalContext] INFO  o.e.m.c.i.embedder.EclipseLogger - skip non existing resourceDirectory D:\Java Experiments\fsops\fsops\src\main\resources
2017-10-30 17:07:20,617 [ModalContext] INFO  o.e.m.c.i.embedder.EclipseLogger - Using 'UTF-8' encoding to copy filtered resources.
2017-10-30 17:07:20,617 [ModalContext] INFO  o.e.m.c.i.embedder.EclipseLogger - skip non existing resourceDirectory D:\Java Experiments\fsops\fsops\src\test\resources
2017-11-06 15:39:49,445 [Worker-6] INFO  o.e.m.c.i.l.LifecycleMappingFactory - Using org.eclipse.m2e.jdt.JarLifecycleMapping lifecycle mapping for MavenProject: java:fsops:0.0.1-SNAPSHOT @ D:\Java Experiments\fsops\fsops\pom.xml.
2017-11-06 15:39:50,838 [Worker-6] INFO  o.e.m.c.i.embedder.EclipseLogger - Using 'UTF-8' encoding to copy filtered resources.
2017-11-06 15:39:50,839 [Worker-6] INFO  o.e.m.c.i.embedder.EclipseLogger - skip non existing resourceDirectory D:\Java Experiments\fsops\fsops\src\main\resources
2017-11-06 15:39:51,433 [Worker-0] INFO  o.e.m.c.i.l.LifecycleMappingFactory - Using org.eclipse.m2e.jdt.JarLifecycleMapping lifecycle mapping for MavenProject: java:fsops:0.0.1-SNAPSHOT @ D:\Java Experiments\fsops\fsops\pom.xml.
2017-11-06 15:39:51,436 [Worker-6] INFO  o.e.m.c.i.embedder.EclipseLogger - Using 'UTF-8' encoding to copy filtered resources.
2017-11-06 15:39:51,437 [Worker-6] INFO  o.e.m.c.i.embedder.EclipseLogger - skip non existing resourceDirectory D:\Java Experiments\fsops\fsops\src\test\resources
2017-11-06 15:39:52,671 [Worker-12] INFO  o.e.m.c.i.embedder.EclipseLogger - Using 'UTF-8' encoding to copy filtered resources.
2017-11-06 15:39:52,671 [Worker-12] INFO  o.e.m.c.i.embedder.EclipseLogger - skip non existing resourceDirectory D:\Java Experiments\fsops\fsops\src\main\resources
2017-11-06 15:39:52,673 [Worker-12] INFO  o.e.m.c.i.embedder.EclipseLogger - Using 'UTF-8' encoding to copy filtered resources.
2017-11-06 15:39:52,673 [Worker-12] INFO  o.e.m.c.i.embedder.EclipseLogger - skip non existing resourceDirectory D:\Java Experiments\fsops\fsops\src\test\resources
2017-11-06 15:44:10,087 [Worker-19] INFO  c.g.t.t.d.PublishedGradleVersions - Gradle version information cache is out-of-date. Trying to update.
2017-11-06 15:44:10,965 [Worker-19] INFO  c.g.t.t.d.PublishedGradleVersions - Updating Gradle version information cache failed. Using outdated cache.
2017-11-06 16:17:19,070 [Worker-3] INFO  c.g.t.t.d.PublishedGradleVersions - Gradle version information cache is out-of-date. Trying to update.
2017-11-06 17:38:13,081 [Worker-6] INFO  o.e.m.c.i.embedder.EclipseLogger - Using 'UTF-8' encoding to copy filtered resources.
2017-11-06 17:38:13,085 [Worker-6] INFO  o.e.m.c.i.embedder.EclipseLogger - skip non existing resourceDirectory D:\Java Experiments\fsops\fsops\src\main\resources
2017-11-06 17:38:13,089 [Worker-6] INFO  o.e.m.c.i.embedder.EclipseLogger - Using 'UTF-8' encoding to copy filtered resources.
2017-11-06 17:38:13,090 [Worker-6] INFO  o.e.m.c.i.embedder.EclipseLogger - skip non existing resourceDirectory D:\Java Experiments\fsops\fsops\src\test\resources
2017-11-06 17:44:17,069 [Worker-12] INFO  c.g.t.t.d.PublishedGradleVersions - Gradle version information cache is up-to-date. Trying to read.
