2017-10-16 17:00:31,235 [Worker-0] INFO  c.g.t.t.d.PublishedGradleVersions - Gradle version information cache is out-of-date. Trying to update.
2017-10-16 17:01:10,706 [Worker-8] INFO  o.e.m.c.i.p.ProjectConfigurationManager - Collecting project info '/pom.xml' D:\Java Experiments\Observer\Expe\pom.xml
2017-10-16 17:01:14,134 [Worker-8] INFO  o.e.m.c.i.l.LifecycleMappingFactory - Using org.eclipse.m2e.jdt.JarLifecycleMapping lifecycle mapping for MavenProject: Experiments:Expe:0.0.1-SNAPSHOT @ D:\Java Experiments\Observer\Expe\pom.xml.
2017-10-16 17:01:14,630 [Worker-8] INFO  o.e.m.j.i.AbstractJavaProjectConfigurator - Adding source folder /Expe/src/main/java
2017-10-16 17:01:14,637 [Worker-8] INFO  o.e.m.j.i.AbstractJavaProjectConfigurator - Adding source folder /Expe/src/test/java
2017-10-16 17:01:15,908 [Worker-8] INFO  o.e.m.c.i.p.ProjectConfigurationManager - Imported and configured 1 project(s) in 5 sec
2017-10-16 17:01:16,614 [Worker-4] INFO  o.e.m.c.i.embedder.EclipseLogger - Using 'UTF-8' encoding to copy filtered resources.
2017-10-16 17:01:16,615 [Worker-4] INFO  o.e.m.c.i.embedder.EclipseLogger - skip non existing resourceDirectory D:\Java Experiments\Observer\Expe\src\main\resources
2017-10-16 17:01:16,622 [Worker-4] INFO  o.e.m.c.i.embedder.EclipseLogger - Using 'UTF-8' encoding to copy filtered resources.
2017-10-16 17:01:16,625 [Worker-4] INFO  o.e.m.c.i.embedder.EclipseLogger - skip non existing resourceDirectory D:\Java Experiments\Observer\Expe\src\test\resources
2017-10-16 17:01:48,579 [Worker-10] INFO  o.e.m.c.i.embedder.EclipseLogger - Using 'UTF-8' encoding to copy filtered resources.
2017-10-16 17:01:48,579 [Worker-10] INFO  o.e.m.c.i.embedder.EclipseLogger - skip non existing resourceDirectory D:\Java Experiments\Observer\Expe\src\main\resources
2017-10-16 17:01:48,580 [Worker-10] INFO  o.e.m.c.i.embedder.EclipseLogger - Using 'UTF-8' encoding to copy filtered resources.
2017-10-16 17:01:48,580 [Worker-10] INFO  o.e.m.c.i.embedder.EclipseLogger - skip non existing resourceDirectory D:\Java Experiments\Observer\Expe\src\test\resources
2017-10-16 17:01:57,574 [Worker-0] INFO  o.e.m.c.i.embedder.EclipseLogger - Using 'UTF-8' encoding to copy filtered resources.
2017-10-16 17:01:57,574 [Worker-0] INFO  o.e.m.c.i.embedder.EclipseLogger - skip non existing resourceDirectory D:\Java Experiments\Observer\Expe\src\main\resources
2017-10-16 17:01:57,576 [Worker-0] INFO  o.e.m.c.i.embedder.EclipseLogger - Using 'UTF-8' encoding to copy filtered resources.
2017-10-16 17:01:57,576 [Worker-0] INFO  o.e.m.c.i.embedder.EclipseLogger - skip non existing resourceDirectory D:\Java Experiments\Observer\Expe\src\test\resources
2017-10-16 17:02:36,728 [Worker-2] INFO  o.e.m.c.i.p.ProjectConfigurationManager - Collecting project info '/pom.xml' D:\Java Experiments\Observer\WeatherStation\pom.xml
2017-10-16 17:02:37,456 [Worker-2] INFO  o.e.m.c.i.l.LifecycleMappingFactory - Using org.eclipse.m2e.jdt.JarLifecycleMapping lifecycle mapping for MavenProject: Experiments:WeatherStation:0.0.1-SNAPSHOT @ D:\Java Experiments\Observer\WeatherStation\pom.xml.
2017-10-16 17:02:37,829 [Worker-2] INFO  o.e.m.j.i.AbstractJavaProjectConfigurator - Adding source folder /WeatherStation/src/main/java
2017-10-16 17:02:37,837 [Worker-2] INFO  o.e.m.j.i.AbstractJavaProjectConfigurator - Adding source folder /WeatherStation/src/test/java
2017-10-16 17:02:37,911 [Worker-2] INFO  o.e.m.c.i.p.ProjectConfigurationManager - Imported and configured 1 project(s) in 1 sec
2017-10-16 17:02:38,185 [Worker-11] INFO  o.e.m.c.i.embedder.EclipseLogger - Using 'UTF-8' encoding to copy filtered resources.
2017-10-16 17:02:38,185 [Worker-11] INFO  o.e.m.c.i.embedder.EclipseLogger - skip non existing resourceDirectory D:\Java Experiments\Observer\WeatherStation\src\main\resources
2017-10-16 17:02:38,187 [Worker-11] INFO  o.e.m.c.i.embedder.EclipseLogger - Using 'UTF-8' encoding to copy filtered resources.
2017-10-16 17:02:38,188 [Worker-11] INFO  o.e.m.c.i.embedder.EclipseLogger - skip non existing resourceDirectory D:\Java Experiments\Observer\WeatherStation\src\test\resources
2017-10-16 17:03:19,192 [Worker-12] INFO  o.e.m.c.i.embedder.EclipseLogger - Using 'UTF-8' encoding to copy filtered resources.
2017-10-16 17:03:19,192 [Worker-12] INFO  o.e.m.c.i.embedder.EclipseLogger - skip non existing resourceDirectory D:\Java Experiments\Observer\WeatherStation\src\main\resources
2017-10-16 17:03:19,194 [Worker-12] INFO  o.e.m.c.i.embedder.EclipseLogger - Using 'UTF-8' encoding to copy filtered resources.
2017-10-16 17:03:19,194 [Worker-12] INFO  o.e.m.c.i.embedder.EclipseLogger - skip non existing resourceDirectory D:\Java Experiments\Observer\WeatherStation\src\test\resources
2017-10-16 17:03:20,265 [Worker-12] INFO  o.e.m.c.i.embedder.EclipseLogger - Using 'UTF-8' encoding to copy filtered resources.
2017-10-16 17:03:20,265 [Worker-12] INFO  o.e.m.c.i.embedder.EclipseLogger - skip non existing resourceDirectory D:\Java Experiments\Observer\WeatherStation\src\main\resources
2017-10-16 17:03:20,268 [Worker-12] INFO  o.e.m.c.i.embedder.EclipseLogger - Using 'UTF-8' encoding to copy filtered resources.
2017-10-16 17:03:20,269 [Worker-12] INFO  o.e.m.c.i.embedder.EclipseLogger - skip non existing resourceDirectory D:\Java Experiments\Observer\WeatherStation\src\test\resources
2017-10-16 17:04:16,273 [Worker-10] INFO  o.e.m.c.i.embedder.EclipseLogger - Using 'UTF-8' encoding to copy filtered resources.
2017-10-16 17:04:16,273 [Worker-10] INFO  o.e.m.c.i.embedder.EclipseLogger - skip non existing resourceDirectory D:\Java Experiments\Observer\WeatherStation\src\main\resources
2017-10-16 17:04:16,275 [Worker-10] INFO  o.e.m.c.i.embedder.EclipseLogger - Using 'UTF-8' encoding to copy filtered resources.
2017-10-16 17:04:16,278 [Worker-10] INFO  o.e.m.c.i.embedder.EclipseLogger - skip non existing resourceDirectory D:\Java Experiments\Observer\WeatherStation\src\test\resources
2017-10-16 17:06:11,836 [Worker-4] INFO  o.e.m.c.i.embedder.EclipseLogger - Using 'UTF-8' encoding to copy filtered resources.
2017-10-16 17:06:11,836 [Worker-4] INFO  o.e.m.c.i.embedder.EclipseLogger - skip non existing resourceDirectory D:\Java Experiments\Observer\WeatherStation\src\main\resources
2017-10-16 17:06:11,838 [Worker-4] INFO  o.e.m.c.i.embedder.EclipseLogger - Using 'UTF-8' encoding to copy filtered resources.
2017-10-16 17:06:11,839 [Worker-4] INFO  o.e.m.c.i.embedder.EclipseLogger - skip non existing resourceDirectory D:\Java Experiments\Observer\WeatherStation\src\test\resources
2017-10-16 17:06:41,257 [Worker-4] INFO  o.e.m.c.i.embedder.EclipseLogger - Using 'UTF-8' encoding to copy filtered resources.
2017-10-16 17:06:41,258 [Worker-4] INFO  o.e.m.c.i.embedder.EclipseLogger - skip non existing resourceDirectory D:\Java Experiments\Observer\WeatherStation\src\main\resources
2017-10-16 17:06:41,265 [Worker-4] INFO  o.e.m.c.i.embedder.EclipseLogger - Using 'UTF-8' encoding to copy filtered resources.
2017-10-16 17:06:41,265 [Worker-4] INFO  o.e.m.c.i.embedder.EclipseLogger - skip non existing resourceDirectory D:\Java Experiments\Observer\WeatherStation\src\test\resources
2017-10-16 17:17:10,129 [Worker-7] INFO  o.e.m.c.i.embedder.EclipseLogger - Using 'UTF-8' encoding to copy filtered resources.
2017-10-16 17:17:10,129 [Worker-7] INFO  o.e.m.c.i.embedder.EclipseLogger - skip non existing resourceDirectory D:\Java Experiments\Observer\WeatherStation\src\main\resources
2017-10-16 17:17:10,130 [Worker-7] INFO  o.e.m.c.i.embedder.EclipseLogger - Using 'UTF-8' encoding to copy filtered resources.
2017-10-16 17:17:10,131 [Worker-7] INFO  o.e.m.c.i.embedder.EclipseLogger - skip non existing resourceDirectory D:\Java Experiments\Observer\WeatherStation\src\test\resources
2017-10-16 17:22:33,158 [Worker-5] INFO  o.e.m.c.i.embedder.EclipseLogger - Using 'UTF-8' encoding to copy filtered resources.
2017-10-16 17:22:33,159 [Worker-5] INFO  o.e.m.c.i.embedder.EclipseLogger - skip non existing resourceDirectory D:\Java Experiments\Observer\WeatherStation\src\main\resources
2017-10-16 17:22:33,163 [Worker-5] INFO  o.e.m.c.i.embedder.EclipseLogger - Using 'UTF-8' encoding to copy filtered resources.
2017-10-16 17:22:33,163 [Worker-5] INFO  o.e.m.c.i.embedder.EclipseLogger - skip non existing resourceDirectory D:\Java Experiments\Observer\WeatherStation\src\test\resources
2017-10-16 17:24:36,368 [Worker-4] INFO  o.e.m.c.i.embedder.EclipseLogger - Using 'UTF-8' encoding to copy filtered resources.
2017-10-16 17:24:36,369 [Worker-4] INFO  o.e.m.c.i.embedder.EclipseLogger - skip non existing resourceDirectory D:\Java Experiments\Observer\WeatherStation\src\main\resources
2017-10-16 17:24:36,371 [Worker-4] INFO  o.e.m.c.i.embedder.EclipseLogger - Using 'UTF-8' encoding to copy filtered resources.
2017-10-16 17:24:36,371 [Worker-4] INFO  o.e.m.c.i.embedder.EclipseLogger - skip non existing resourceDirectory D:\Java Experiments\Observer\WeatherStation\src\test\resources
2017-10-19 23:27:52,981 [Worker-0] INFO  c.g.t.t.d.PublishedGradleVersions - Gradle version information cache is out-of-date. Trying to update.
